12:52:06.708 [] INFO - Slf4jLogger started
12:52:06.725 [akka.actor.ActorSystemImpl(guardian)] WARN - Dev use only. Free keys at https://akka.io/key
12:52:06.776 [akka://guardian/user] INFO - Starting 3 processes
12:52:06.781 [akka://guardian/user/process-1] INFO - Starting process 1
12:52:06.782 [akka://guardian/user/process-0] INFO - Starting process 0
12:52:06.782 [akka://guardian/user/process-2] INFO - Starting process 2
12:52:06.784 [akka://guardian/user] INFO - Received GetRefs from raft.ProcessID@2
12:52:06.785 [akka://guardian/user] INFO - Received GetRefs from raft.ProcessID@1
12:52:06.786 [akka://guardian/user] INFO - Received GetRefs from raft.ProcessID@0
12:52:07.031 [akka://guardian/user/process-2] INFO - (12) Becoming candidate
12:52:07.037 [akka://guardian/user/process-1] INFO - (12) Granted vote to raft.ProcessID@2
12:52:07.037 [akka://guardian/user/process-0] INFO - (12) Granted vote to raft.ProcessID@2
12:52:07.039 [akka://guardian/user/process-2] INFO - (12) Received a vote
12:52:07.039 [akka://guardian/user/process-2] INFO - (12) Becoming leader
12:52:07.097 [akka://guardian/user/process-2] TRACE- HeartbeatTimeout (0, 0)
12:52:07.099 [akka://guardian/user/process-0] TRACE- Received AppendEntries
12:52:07.099 [akka://guardian/user/process-1] TRACE- Received AppendEntries
12:52:07.100 [akka://guardian/user/process-2] TRACE- Received AppendEntriesResponse true
12:52:07.100 [akka://guardian/user/process-2] TRACE- Received AppendEntriesResponse true
12:52:07.167 [akka://guardian/user/process-2] TRACE- HeartbeatTimeout (0, 0)
12:52:07.168 [akka://guardian/user/process-0] TRACE- Received AppendEntries
12:52:07.168 [akka://guardian/user/process-1] TRACE- Received AppendEntries
12:52:07.169 [akka://guardian/user/process-2] TRACE- Received AppendEntriesResponse true
12:52:07.169 [akka://guardian/user/process-2] TRACE- Received AppendEntriesResponse true
12:52:07.217 [akka://guardian/user/process-2] TRACE- HeartbeatTimeout (0, 0)
12:52:07.217 [akka://guardian/user/process-0] TRACE- Received AppendEntries
12:52:07.217 [akka://guardian/user/process-1] TRACE- Received AppendEntries
12:52:07.218 [akka://guardian/user/process-2] TRACE- Received AppendEntriesResponse true
12:52:07.218 [akka://guardian/user/process-2] TRACE- Received AppendEntriesResponse true
12:52:07.286 [akka://guardian/user/process-2] TRACE- HeartbeatTimeout (0, 0)
12:52:07.287 [akka://guardian/user/process-0] TRACE- Received AppendEntries
12:52:07.287 [akka://guardian/user/process-1] TRACE- Received AppendEntries
12:52:07.287 [akka://guardian/user/process-2] TRACE- Received AppendEntriesResponse true
12:52:07.288 [akka://guardian/user/process-2] TRACE- Received AppendEntriesResponse true
12:52:07.356 [akka://guardian/user/process-2] TRACE- HeartbeatTimeout (0, 0)
12:52:07.357 [akka://guardian/user/process-0] TRACE- Received AppendEntries
12:52:07.357 [akka://guardian/user/process-1] TRACE- Received AppendEntries
12:52:07.357 [akka://guardian/user/process-2] TRACE- Received AppendEntriesResponse true
12:52:07.357 [akka://guardian/user/process-2] TRACE- Received AppendEntriesResponse true
12:52:07.427 [akka://guardian/user/process-2] TRACE- HeartbeatTimeout (0, 0)
12:52:07.427 [akka://guardian/user/process-1] TRACE- Received AppendEntries
12:52:07.427 [akka://guardian/user/process-0] TRACE- Received AppendEntries
12:52:07.428 [akka://guardian/user/process-2] TRACE- Received AppendEntriesResponse true
12:52:07.428 [akka://guardian/user/process-2] TRACE- Received AppendEntriesResponse true
12:52:07.497 [akka://guardian/user/process-2] TRACE- HeartbeatTimeout (0, 0)
12:52:07.497 [akka://guardian/user/process-0] TRACE- Received AppendEntries
12:52:07.497 [akka://guardian/user/process-1] TRACE- Received AppendEntries
12:52:07.497 [akka://guardian/user/process-2] TRACE- Received AppendEntriesResponse true
12:52:07.498 [akka://guardian/user/process-2] TRACE- Received AppendEntriesResponse true
12:52:07.556 [akka://guardian/user/process-2] TRACE- HeartbeatTimeout (0, 0)
12:52:07.557 [akka://guardian/user/process-1] TRACE- Received AppendEntries
12:52:07.557 [akka://guardian/user/process-0] TRACE- Received AppendEntries
12:52:07.557 [akka://guardian/user/process-2] TRACE- Received AppendEntriesResponse true
12:52:07.557 [akka://guardian/user/process-2] TRACE- Received AppendEntriesResponse true
12:52:07.627 [akka://guardian/user/process-2] TRACE- HeartbeatTimeout (0, 0)
12:52:07.628 [akka://guardian/user/process-0] TRACE- Received AppendEntries
12:52:07.628 [akka://guardian/user/process-1] TRACE- Received AppendEntries
12:52:07.628 [akka://guardian/user/process-2] TRACE- Received AppendEntriesResponse true
12:52:07.628 [akka://guardian/user/process-2] TRACE- Received AppendEntriesResponse true
12:52:07.697 [akka://guardian/user/process-2] TRACE- HeartbeatTimeout (0, 0)
12:52:07.697 [akka://guardian/user/process-1] TRACE- Received AppendEntries
12:52:07.697 [akka://guardian/user/process-0] TRACE- Received AppendEntries
12:52:07.698 [akka://guardian/user/process-2] TRACE- Received AppendEntriesResponse true
12:52:07.698 [akka://guardian/user/process-2] TRACE- Received AppendEntriesResponse true
12:52:07.757 [akka://guardian/user/process-2] TRACE- HeartbeatTimeout (0, 0)
12:52:07.757 [akka://guardian/user/process-1] TRACE- Received AppendEntries
12:52:07.757 [akka://guardian/user/process-0] TRACE- Received AppendEntries
12:52:07.757 [akka://guardian/user/process-2] TRACE- Received AppendEntriesResponse true
12:52:07.758 [akka://guardian/user/process-2] TRACE- Received AppendEntriesResponse true
12:52:07.806 [akka://guardian/user/process-2] TRACE- HeartbeatTimeout (0, 0)
12:52:07.807 [akka://guardian/user/process-0] TRACE- Received AppendEntries
12:52:07.807 [akka://guardian/user/process-1] TRACE- Received AppendEntries
12:52:07.807 [akka://guardian/user/process-2] TRACE- Received AppendEntriesResponse true
12:52:07.807 [akka://guardian/user/process-2] TRACE- Received AppendEntriesResponse true
12:52:07.877 [akka://guardian/user/process-2] TRACE- HeartbeatTimeout (0, 0)
12:52:07.878 [akka://guardian/user/process-0] TRACE- Received AppendEntries
12:52:07.878 [akka://guardian/user/process-1] TRACE- Received AppendEntries
12:52:07.878 [akka://guardian/user/process-2] TRACE- Received AppendEntriesResponse true
12:52:07.878 [akka://guardian/user/process-2] TRACE- Received AppendEntriesResponse true
12:52:07.937 [akka://guardian/user/process-2] TRACE- HeartbeatTimeout (0, 0)
12:52:07.937 [akka://guardian/user/process-0] TRACE- Received AppendEntries
12:52:07.937 [akka://guardian/user/process-1] TRACE- Received AppendEntries
12:52:07.937 [akka://guardian/user/process-2] TRACE- Received AppendEntriesResponse true
12:52:07.938 [akka://guardian/user/process-2] TRACE- Received AppendEntriesResponse true
12:52:07.996 [akka://guardian/user/process-2] TRACE- HeartbeatTimeout (0, 0)
12:52:07.997 [akka://guardian/user/process-1] TRACE- Received AppendEntries
12:52:07.997 [akka://guardian/user/process-0] TRACE- Received AppendEntries
12:52:07.997 [akka://guardian/user/process-2] TRACE- Received AppendEntriesResponse true
12:52:07.997 [akka://guardian/user/process-2] TRACE- Received AppendEntriesResponse true
12:52:08.067 [akka://guardian/user/process-2] TRACE- HeartbeatTimeout (0, 0)
12:52:08.068 [akka://guardian/user/process-0] TRACE- Received AppendEntries
12:52:08.068 [akka://guardian/user/process-1] TRACE- Received AppendEntries
12:52:08.068 [akka://guardian/user/process-2] TRACE- Received AppendEntriesResponse true
12:52:08.068 [akka://guardian/user/process-2] TRACE- Received AppendEntriesResponse true
12:52:08.137 [akka://guardian/user/process-2] TRACE- HeartbeatTimeout (0, 0)
12:52:08.137 [akka://guardian/user/process-0] TRACE- Received AppendEntries
12:52:08.137 [akka://guardian/user/process-1] TRACE- Received AppendEntries
12:52:08.138 [akka://guardian/user/process-2] TRACE- Received AppendEntriesResponse true
12:52:08.138 [akka://guardian/user/process-2] TRACE- Received AppendEntriesResponse true
12:52:08.207 [akka://guardian/user/process-2] TRACE- HeartbeatTimeout (0, 0)
12:52:08.207 [akka://guardian/user/process-0] TRACE- Received AppendEntries
12:52:08.207 [akka://guardian/user/process-1] TRACE- Received AppendEntries
12:52:08.207 [akka://guardian/user/process-2] TRACE- Received AppendEntriesResponse true
12:52:08.207 [akka://guardian/user/process-2] TRACE- Received AppendEntriesResponse true
12:52:08.266 [akka://guardian/user/process-2] TRACE- HeartbeatTimeout (0, 0)
12:52:08.267 [akka://guardian/user/process-0] TRACE- Received AppendEntries
12:52:08.267 [akka://guardian/user/process-1] TRACE- Received AppendEntries
12:52:08.267 [akka://guardian/user/process-2] TRACE- Received AppendEntriesResponse true
12:52:08.268 [akka://guardian/user/process-2] TRACE- Received AppendEntriesResponse true
12:52:08.317 [akka://guardian/user/process-2] TRACE- HeartbeatTimeout (0, 0)
12:52:08.317 [akka://guardian/user/process-0] TRACE- Received AppendEntries
12:52:08.317 [akka://guardian/user/process-1] TRACE- Received AppendEntries
12:52:08.317 [akka://guardian/user/process-2] TRACE- Received AppendEntriesResponse true
12:52:08.318 [akka://guardian/user/process-2] TRACE- Received AppendEntriesResponse true
12:52:08.387 [akka://guardian/user/process-2] TRACE- HeartbeatTimeout (0, 0)
12:52:08.387 [akka://guardian/user/process-0] TRACE- Received AppendEntries
12:52:08.387 [akka://guardian/user/process-1] TRACE- Received AppendEntries
12:52:08.387 [akka://guardian/user/process-2] TRACE- Received AppendEntriesResponse true
12:52:08.388 [akka://guardian/user/process-2] TRACE- Received AppendEntriesResponse true
12:52:08.456 [akka://guardian/user/process-2] TRACE- HeartbeatTimeout (0, 0)
12:52:08.457 [akka://guardian/user/process-0] TRACE- Received AppendEntries
12:52:08.457 [akka://guardian/user/process-1] TRACE- Received AppendEntries
12:52:08.457 [akka://guardian/user/process-2] TRACE- Received AppendEntriesResponse true
12:52:08.457 [akka://guardian/user/process-2] TRACE- Received AppendEntriesResponse true
12:52:08.517 [akka://guardian/user/process-2] TRACE- HeartbeatTimeout (0, 0)
12:52:08.517 [akka://guardian/user/process-0] TRACE- Received AppendEntries
12:52:08.518 [akka://guardian/user/process-1] TRACE- Received AppendEntries
12:52:08.518 [akka://guardian/user/process-2] TRACE- Received AppendEntriesResponse true
12:52:08.518 [akka://guardian/user/process-2] TRACE- Received AppendEntriesResponse true
12:52:08.577 [akka://guardian/user/process-2] TRACE- HeartbeatTimeout (0, 0)
12:52:08.577 [akka://guardian/user/process-0] TRACE- Received AppendEntries
12:52:08.577 [akka://guardian/user/process-1] TRACE- Received AppendEntries
12:52:08.577 [akka://guardian/user/process-2] TRACE- Received AppendEntriesResponse true
12:52:08.577 [akka://guardian/user/process-2] TRACE- Received AppendEntriesResponse true
12:52:08.626 [akka://guardian/user/process-2] TRACE- HeartbeatTimeout (0, 0)
12:52:08.627 [akka://guardian/user/process-0] TRACE- Received AppendEntries
12:52:08.627 [akka://guardian/user/process-1] TRACE- Received AppendEntries
12:52:08.627 [akka://guardian/user/process-2] TRACE- Received AppendEntriesResponse true
12:52:08.627 [akka://guardian/user/process-2] TRACE- Received AppendEntriesResponse true
12:52:08.677 [akka://guardian/user/process-2] TRACE- HeartbeatTimeout (0, 0)
12:52:08.677 [akka://guardian/user/process-0] TRACE- Received AppendEntries
12:52:08.677 [akka://guardian/user/process-1] TRACE- Received AppendEntries
12:52:08.678 [akka://guardian/user/process-2] TRACE- Received AppendEntriesResponse true
12:52:08.678 [akka://guardian/user/process-2] TRACE- Received AppendEntriesResponse true
12:52:08.747 [akka://guardian/user/process-2] TRACE- HeartbeatTimeout (0, 0)
12:52:08.747 [akka://guardian/user/process-0] TRACE- Received AppendEntries
12:52:08.747 [akka://guardian/user/process-1] TRACE- Received AppendEntries
12:52:08.747 [akka://guardian/user/process-2] TRACE- Received AppendEntriesResponse true
12:52:08.747 [akka://guardian/user/process-2] TRACE- Received AppendEntriesResponse true
12:52:08.806 [akka://guardian/user/process-2] TRACE- HeartbeatTimeout (0, 0)
12:52:08.807 [akka://guardian/user/process-0] TRACE- Received AppendEntries
12:52:08.807 [akka://guardian/user/process-1] TRACE- Received AppendEntries
12:52:08.807 [akka://guardian/user/process-2] TRACE- Received AppendEntriesResponse true
12:52:08.807 [akka://guardian/user/process-2] TRACE- Received AppendEntriesResponse true
12:52:08.867 [akka://guardian/user/process-2] TRACE- HeartbeatTimeout (0, 0)
12:52:08.867 [akka://guardian/user/process-0] TRACE- Received AppendEntries
12:52:08.867 [akka://guardian/user/process-1] TRACE- Received AppendEntries
12:52:08.868 [akka://guardian/user/process-2] TRACE- Received AppendEntriesResponse true
12:52:08.868 [akka://guardian/user/process-2] TRACE- Received AppendEntriesResponse true
12:52:08.927 [akka://guardian/user/process-2] TRACE- HeartbeatTimeout (0, 0)
12:52:08.927 [akka://guardian/user/process-0] TRACE- Received AppendEntries
12:52:08.927 [akka://guardian/user/process-1] TRACE- Received AppendEntries
12:52:08.927 [akka://guardian/user/process-2] TRACE- Received AppendEntriesResponse true
12:52:08.928 [akka://guardian/user/process-2] TRACE- Received AppendEntriesResponse true
12:52:08.986 [akka://guardian/user/process-2] TRACE- HeartbeatTimeout (0, 0)
12:52:08.987 [akka://guardian/user/process-0] TRACE- Received AppendEntries
12:52:08.987 [akka://guardian/user/process-1] TRACE- Received AppendEntries
12:52:08.987 [akka://guardian/user/process-2] TRACE- Received AppendEntriesResponse true
12:52:08.987 [akka://guardian/user/process-2] TRACE- Received AppendEntriesResponse true
12:52:09.036 [akka://guardian/user/process-2] TRACE- HeartbeatTimeout (0, 0)
12:52:09.037 [akka://guardian/user/process-0] TRACE- Received AppendEntries
12:52:09.037 [akka://guardian/user/process-1] TRACE- Received AppendEntries
12:52:09.037 [akka://guardian/user/process-2] TRACE- Received AppendEntriesResponse true
12:52:09.037 [akka://guardian/user/process-2] TRACE- Received AppendEntriesResponse true
12:52:09.097 [akka://guardian/user/process-2] TRACE- HeartbeatTimeout (0, 0)
12:52:09.097 [akka://guardian/user/process-1] TRACE- Received AppendEntries
12:52:09.097 [akka://guardian/user/process-0] TRACE- Received AppendEntries
12:52:09.097 [akka://guardian/user/process-2] TRACE- Received AppendEntriesResponse true
12:52:09.098 [akka://guardian/user/process-2] TRACE- Received AppendEntriesResponse true
12:52:09.166 [akka://guardian/user/process-2] TRACE- HeartbeatTimeout (0, 0)
12:52:09.167 [akka://guardian/user/process-1] TRACE- Received AppendEntries
12:52:09.167 [akka://guardian/user/process-0] TRACE- Received AppendEntries
12:52:09.167 [akka://guardian/user/process-2] TRACE- Received AppendEntriesResponse true
12:52:09.167 [akka://guardian/user/process-2] TRACE- Received AppendEntriesResponse true
12:52:09.237 [akka://guardian/user/process-2] TRACE- HeartbeatTimeout (0, 0)
12:52:09.237 [akka://guardian/user/process-1] TRACE- Received AppendEntries
12:52:09.237 [akka://guardian/user/process-0] TRACE- Received AppendEntries
12:52:09.237 [akka://guardian/user/process-2] TRACE- Received AppendEntriesResponse true
12:52:09.238 [akka://guardian/user/process-2] TRACE- Received AppendEntriesResponse true
12:52:09.306 [akka://guardian/user/process-2] TRACE- HeartbeatTimeout (0, 0)
12:52:09.306 [akka://guardian/user/process-0] TRACE- Received AppendEntries
12:52:09.306 [akka://guardian/user/process-1] TRACE- Received AppendEntries
12:52:09.307 [akka://guardian/user/process-2] TRACE- Received AppendEntriesResponse true
12:52:09.307 [akka://guardian/user/process-2] TRACE- Received AppendEntriesResponse true
12:52:09.367 [akka://guardian/user/process-2] TRACE- HeartbeatTimeout (0, 0)
12:52:09.367 [akka://guardian/user/process-0] TRACE- Received AppendEntries
12:52:09.367 [akka://guardian/user/process-1] TRACE- Received AppendEntries
12:52:09.367 [akka://guardian/user/process-2] TRACE- Received AppendEntriesResponse true
12:52:09.368 [akka://guardian/user/process-2] TRACE- Received AppendEntriesResponse true
12:52:09.426 [akka://guardian/user/process-2] TRACE- HeartbeatTimeout (0, 0)
12:52:09.427 [akka://guardian/user/process-0] TRACE- Received AppendEntries
12:52:09.427 [akka://guardian/user/process-1] TRACE- Received AppendEntries
12:52:09.427 [akka://guardian/user/process-2] TRACE- Received AppendEntriesResponse true
12:52:09.427 [akka://guardian/user/process-2] TRACE- Received AppendEntriesResponse true
12:52:09.487 [akka://guardian/user/process-2] TRACE- HeartbeatTimeout (0, 0)
12:52:09.488 [akka://guardian/user/process-0] TRACE- Received AppendEntries
12:52:09.488 [akka://guardian/user/process-1] TRACE- Received AppendEntries
12:52:09.488 [akka://guardian/user/process-2] TRACE- Received AppendEntriesResponse true
12:52:09.488 [akka://guardian/user/process-2] TRACE- Received AppendEntriesResponse true
12:52:09.547 [akka://guardian/user/process-2] TRACE- HeartbeatTimeout (0, 0)
12:52:09.547 [akka://guardian/user/process-0] TRACE- Received AppendEntries
12:52:09.547 [akka://guardian/user/process-1] TRACE- Received AppendEntries
12:52:09.547 [akka://guardian/user/process-2] TRACE- Received AppendEntriesResponse true
12:52:09.547 [akka://guardian/user/process-2] TRACE- Received AppendEntriesResponse true
12:52:09.616 [akka://guardian/user/process-2] TRACE- HeartbeatTimeout (0, 0)
12:52:09.617 [akka://guardian/user/process-1] TRACE- Received AppendEntries
12:52:09.617 [akka://guardian/user/process-0] TRACE- Received AppendEntries
12:52:09.618 [akka://guardian/user/process-2] TRACE- Received AppendEntriesResponse true
12:52:09.618 [akka://guardian/user/process-2] TRACE- Received AppendEntriesResponse true
12:52:09.677 [akka://guardian/user/process-2] TRACE- HeartbeatTimeout (0, 0)
12:52:09.677 [akka://guardian/user/process-0] TRACE- Received AppendEntries
12:52:09.677 [akka://guardian/user/process-1] TRACE- Received AppendEntries
12:52:09.678 [akka://guardian/user/process-2] TRACE- Received AppendEntriesResponse true
12:52:09.678 [akka://guardian/user/process-2] TRACE- Received AppendEntriesResponse true
12:52:09.737 [akka://guardian/user/process-2] TRACE- HeartbeatTimeout (0, 0)
12:52:09.737 [akka://guardian/user/process-0] TRACE- Received AppendEntries
12:52:09.737 [akka://guardian/user/process-1] TRACE- Received AppendEntries
12:52:09.737 [akka://guardian/user/process-2] TRACE- Received AppendEntriesResponse true
12:52:09.737 [akka://guardian/user/process-2] TRACE- Received AppendEntriesResponse true
12:52:09.796 [akka://guardian/user/process-2] TRACE- HeartbeatTimeout (0, 0)
12:52:09.797 [akka://guardian/user/process-0] TRACE- Received AppendEntries
12:52:09.797 [akka://guardian/user/process-1] TRACE- Received AppendEntries
12:52:09.797 [akka://guardian/user/process-2] TRACE- Received AppendEntriesResponse true
12:52:09.797 [akka://guardian/user/process-2] TRACE- Received AppendEntriesResponse true
12:52:09.847 [akka://guardian/user/process-2] TRACE- HeartbeatTimeout (0, 0)
12:52:09.847 [akka://guardian/user/process-0] TRACE- Received AppendEntries
12:52:09.847 [akka://guardian/user/process-1] TRACE- Received AppendEntries
12:52:09.847 [akka://guardian/user/process-2] TRACE- Received AppendEntriesResponse true
12:52:09.847 [akka://guardian/user/process-2] TRACE- Received AppendEntriesResponse true
12:52:09.896 [akka://guardian/user/process-2] TRACE- HeartbeatTimeout (0, 0)
12:52:09.897 [akka://guardian/user/process-1] TRACE- Received AppendEntries
12:52:09.897 [akka://guardian/user/process-0] TRACE- Received AppendEntries
12:52:09.897 [akka://guardian/user/process-2] TRACE- Received AppendEntriesResponse true
12:52:09.897 [akka://guardian/user/process-2] TRACE- Received AppendEntriesResponse true
12:52:09.947 [akka://guardian/user/process-2] TRACE- HeartbeatTimeout (0, 0)
12:52:09.947 [akka://guardian/user/process-1] TRACE- Received AppendEntries
12:52:09.947 [akka://guardian/user/process-0] TRACE- Received AppendEntries
12:52:09.947 [akka://guardian/user/process-2] TRACE- Received AppendEntriesResponse true
12:52:09.948 [akka://guardian/user/process-2] TRACE- Received AppendEntriesResponse true
12:52:10.017 [akka://guardian/user/process-2] TRACE- HeartbeatTimeout (0, 0)
12:52:10.017 [akka://guardian/user/process-0] TRACE- Received AppendEntries
12:52:10.017 [akka://guardian/user/process-1] TRACE- Received AppendEntries
12:52:10.017 [akka://guardian/user/process-2] TRACE- Received AppendEntriesResponse true
12:52:10.018 [akka://guardian/user/process-2] TRACE- Received AppendEntriesResponse true
12:52:10.076 [akka://guardian/user/process-2] TRACE- HeartbeatTimeout (0, 0)
12:52:10.077 [akka://guardian/user/process-1] TRACE- Received AppendEntries
12:52:10.077 [akka://guardian/user/process-0] TRACE- Received AppendEntries
12:52:10.077 [akka://guardian/user/process-2] TRACE- Received AppendEntriesResponse true
12:52:10.077 [akka://guardian/user/process-2] TRACE- Received AppendEntriesResponse true
12:52:10.147 [akka://guardian/user/process-2] TRACE- HeartbeatTimeout (0, 0)
12:52:10.147 [akka://guardian/user/process-0] TRACE- Received AppendEntries
12:52:10.148 [akka://guardian/user/process-1] TRACE- Received AppendEntries
12:52:10.148 [akka://guardian/user/process-2] TRACE- Received AppendEntriesResponse true
12:52:10.148 [akka://guardian/user/process-2] TRACE- Received AppendEntriesResponse true
12:52:10.196 [akka://guardian/user/process-2] TRACE- HeartbeatTimeout (0, 0)
12:52:10.197 [akka://guardian/user/process-0] TRACE- Received AppendEntries
12:52:10.197 [akka://guardian/user/process-1] TRACE- Received AppendEntries
12:52:10.197 [akka://guardian/user/process-2] TRACE- Received AppendEntriesResponse true
12:52:10.197 [akka://guardian/user/process-2] TRACE- Received AppendEntriesResponse true
12:52:10.256 [akka://guardian/user/process-2] TRACE- HeartbeatTimeout (0, 0)
12:52:10.256 [akka://guardian/user/process-1] TRACE- Received AppendEntries
12:52:10.256 [akka://guardian/user/process-0] TRACE- Received AppendEntries
12:52:10.257 [akka://guardian/user/process-2] TRACE- Received AppendEntriesResponse true
12:52:10.257 [akka://guardian/user/process-2] TRACE- Received AppendEntriesResponse true
12:52:10.317 [akka://guardian/user/process-2] TRACE- HeartbeatTimeout (0, 0)
12:52:10.317 [akka://guardian/user/process-0] TRACE- Received AppendEntries
12:52:10.317 [akka://guardian/user/process-1] TRACE- Received AppendEntries
12:52:10.318 [akka://guardian/user/process-2] TRACE- Received AppendEntriesResponse true
12:52:10.318 [akka://guardian/user/process-2] TRACE- Received AppendEntriesResponse true
12:52:10.376 [akka://guardian/user/process-2] TRACE- HeartbeatTimeout (0, 0)
12:52:10.377 [akka://guardian/user/process-1] TRACE- Received AppendEntries
12:52:10.377 [akka://guardian/user/process-0] TRACE- Received AppendEntries
12:52:10.377 [akka://guardian/user/process-2] TRACE- Received AppendEntriesResponse true
12:52:10.377 [akka://guardian/user/process-2] TRACE- Received AppendEntriesResponse true
12:52:10.447 [akka://guardian/user/process-2] TRACE- HeartbeatTimeout (0, 0)
12:52:10.447 [akka://guardian/user/process-0] TRACE- Received AppendEntries
12:52:10.447 [akka://guardian/user/process-1] TRACE- Received AppendEntries
12:52:10.448 [akka://guardian/user/process-2] TRACE- Received AppendEntriesResponse true
12:52:10.448 [akka://guardian/user/process-2] TRACE- Received AppendEntriesResponse true
12:52:10.507 [akka://guardian/user/process-2] TRACE- HeartbeatTimeout (0, 0)
12:52:10.507 [akka://guardian/user/process-1] TRACE- Received AppendEntries
12:52:10.507 [akka://guardian/user/process-0] TRACE- Received AppendEntries
12:52:10.507 [akka://guardian/user/process-2] TRACE- Received AppendEntriesResponse true
12:52:10.508 [akka://guardian/user/process-2] TRACE- Received AppendEntriesResponse true
12:52:10.566 [akka://guardian/user/process-2] TRACE- HeartbeatTimeout (0, 0)
12:52:10.567 [akka://guardian/user/process-0] TRACE- Received AppendEntries
12:52:10.567 [akka://guardian/user/process-1] TRACE- Received AppendEntries
12:52:10.567 [akka://guardian/user/process-2] TRACE- Received AppendEntriesResponse true
12:52:10.567 [akka://guardian/user/process-2] TRACE- Received AppendEntriesResponse true
12:52:10.637 [akka://guardian/user/process-2] TRACE- HeartbeatTimeout (0, 0)
12:52:10.637 [akka://guardian/user/process-0] TRACE- Received AppendEntries
12:52:10.637 [akka://guardian/user/process-1] TRACE- Received AppendEntries
12:52:10.638 [akka://guardian/user/process-2] TRACE- Received AppendEntriesResponse true
12:52:10.638 [akka://guardian/user/process-2] TRACE- Received AppendEntriesResponse true
12:52:10.707 [akka://guardian/user/process-2] TRACE- HeartbeatTimeout (0, 0)
12:52:10.707 [akka://guardian/user/process-0] TRACE- Received AppendEntries
12:52:10.707 [akka://guardian/user/process-1] TRACE- Received AppendEntries
12:52:10.707 [akka://guardian/user/process-2] TRACE- Received AppendEntriesResponse true
12:52:10.707 [akka://guardian/user/process-2] TRACE- Received AppendEntriesResponse true
12:52:10.776 [akka://guardian/user/process-2] TRACE- HeartbeatTimeout (0, 0)
12:52:10.777 [akka://guardian/user/process-0] TRACE- Received AppendEntries
12:52:10.777 [akka://guardian/user/process-1] TRACE- Received AppendEntries
12:52:10.777 [akka://guardian/user/process-2] TRACE- Received AppendEntriesResponse true
12:52:10.777 [akka://guardian/user/process-2] TRACE- Received AppendEntriesResponse true
12:52:10.836 [akka://guardian/user/process-2] TRACE- HeartbeatTimeout (0, 0)
12:52:10.837 [akka://guardian/user/process-0] TRACE- Received AppendEntries
12:52:10.837 [akka://guardian/user/process-1] TRACE- Received AppendEntries
12:52:10.837 [akka://guardian/user/process-2] TRACE- Received AppendEntriesResponse true
12:52:10.837 [akka://guardian/user/process-2] TRACE- Received AppendEntriesResponse true
12:52:10.897 [akka://guardian/user/process-2] TRACE- HeartbeatTimeout (0, 0)
12:52:10.897 [akka://guardian/user/process-0] TRACE- Received AppendEntries
12:52:10.897 [akka://guardian/user/process-1] TRACE- Received AppendEntries
12:52:10.897 [akka://guardian/user/process-2] TRACE- Received AppendEntriesResponse true
12:52:10.898 [akka://guardian/user/process-2] TRACE- Received AppendEntriesResponse true
12:52:10.946 [akka://guardian/user/process-2] TRACE- HeartbeatTimeout (0, 0)
12:52:10.947 [akka://guardian/user/process-0] TRACE- Received AppendEntries
12:52:10.947 [akka://guardian/user/process-1] TRACE- Received AppendEntries
12:52:10.947 [akka://guardian/user/process-2] TRACE- Received AppendEntriesResponse true
12:52:10.947 [akka://guardian/user/process-2] TRACE- Received AppendEntriesResponse true
12:52:11.007 [akka://guardian/user/process-2] TRACE- HeartbeatTimeout (0, 0)
12:52:11.007 [akka://guardian/user/process-0] TRACE- Received AppendEntries
12:52:11.007 [akka://guardian/user/process-1] TRACE- Received AppendEntries
12:52:11.007 [akka://guardian/user/process-2] TRACE- Received AppendEntriesResponse true
12:52:11.008 [akka://guardian/user/process-2] TRACE- Received AppendEntriesResponse true
12:52:11.066 [akka://guardian/user/process-2] TRACE- HeartbeatTimeout (0, 0)
12:52:11.067 [akka://guardian/user/process-0] TRACE- Received AppendEntries
12:52:11.067 [akka://guardian/user/process-1] TRACE- Received AppendEntries
12:52:11.067 [akka://guardian/user/process-2] TRACE- Received AppendEntriesResponse true
12:52:11.068 [akka://guardian/user/process-2] TRACE- Received AppendEntriesResponse true
12:52:11.136 [akka://guardian/user/process-2] TRACE- HeartbeatTimeout (0, 0)
12:52:11.137 [akka://guardian/user/process-1] TRACE- Received AppendEntries
12:52:11.137 [akka://guardian/user/process-0] TRACE- Received AppendEntries
12:52:11.137 [akka://guardian/user/process-2] TRACE- Received AppendEntriesResponse true
12:52:11.137 [akka://guardian/user/process-2] TRACE- Received AppendEntriesResponse true
12:52:11.207 [akka://guardian/user/process-2] TRACE- HeartbeatTimeout (0, 0)
12:52:11.207 [akka://guardian/user/process-0] TRACE- Received AppendEntries
12:52:11.207 [akka://guardian/user/process-1] TRACE- Received AppendEntries
12:52:11.207 [akka://guardian/user/process-2] TRACE- Received AppendEntriesResponse true
12:52:11.208 [akka://guardian/user/process-2] TRACE- Received AppendEntriesResponse true
12:52:11.267 [akka://guardian/user/process-2] TRACE- HeartbeatTimeout (0, 0)
12:52:11.267 [akka://guardian/user/process-0] TRACE- Received AppendEntries
12:52:11.267 [akka://guardian/user/process-1] TRACE- Received AppendEntries
12:52:11.267 [akka://guardian/user/process-2] TRACE- Received AppendEntriesResponse true
12:52:11.267 [akka://guardian/user/process-2] TRACE- Received AppendEntriesResponse true
12:52:11.336 [akka://guardian/user/process-2] TRACE- HeartbeatTimeout (0, 0)
12:52:11.337 [akka://guardian/user/process-0] TRACE- Received AppendEntries
12:52:11.337 [akka://guardian/user/process-1] TRACE- Received AppendEntries
12:52:11.337 [akka://guardian/user/process-2] TRACE- Received AppendEntriesResponse true
12:52:11.337 [akka://guardian/user/process-2] TRACE- Received AppendEntriesResponse true
12:52:11.387 [akka://guardian/user/process-2] TRACE- HeartbeatTimeout (0, 0)
12:52:11.387 [akka://guardian/user/process-0] TRACE- Received AppendEntries
12:52:11.387 [akka://guardian/user/process-1] TRACE- Received AppendEntries
12:52:11.387 [akka://guardian/user/process-2] TRACE- Received AppendEntriesResponse true
12:52:11.388 [akka://guardian/user/process-2] TRACE- Received AppendEntriesResponse true
12:52:11.436 [akka://guardian/user/process-2] TRACE- HeartbeatTimeout (0, 0)
12:52:11.437 [akka://guardian/user/process-0] TRACE- Received AppendEntries
12:52:11.437 [akka://guardian/user/process-1] TRACE- Received AppendEntries
12:52:11.437 [akka://guardian/user/process-2] TRACE- Received AppendEntriesResponse true
12:52:11.437 [akka://guardian/user/process-2] TRACE- Received AppendEntriesResponse true
12:52:11.459 [akka://guardian/user] INFO - Received command: slow 2 1
12:52:11.459 [akka://guardian/user/process-2] INFO - Pausing process raft.ProcessID@2 for 1 seconds
12:52:11.719 [akka://guardian/user/process-1] INFO - (13) Becoming candidate
12:52:11.720 [akka://guardian/user/process-0] INFO - (13) Granted vote to raft.ProcessID@1
12:52:11.721 [akka://guardian/user/process-1] INFO - (13) Received a vote
12:52:11.721 [akka://guardian/user/process-1] INFO - (13) Becoming leader
12:52:11.787 [akka://guardian/user/process-1] TRACE- HeartbeatTimeout (0, 0)
12:52:11.787 [akka://guardian/user/process-0] TRACE- Received AppendEntries
12:52:11.787 [akka://guardian/user/process-1] TRACE- Received AppendEntriesResponse true
12:52:11.836 [akka://guardian/user/process-1] TRACE- HeartbeatTimeout (0, 0)
12:52:11.836 [akka://guardian/user/process-0] TRACE- Received AppendEntries
12:52:11.837 [akka://guardian/user/process-1] TRACE- Received AppendEntriesResponse true
12:52:11.897 [akka://guardian/user/process-1] TRACE- HeartbeatTimeout (0, 0)
12:52:11.897 [akka://guardian/user/process-0] TRACE- Received AppendEntries
12:52:11.897 [akka://guardian/user/process-1] TRACE- Received AppendEntriesResponse true
12:52:11.956 [akka://guardian/user/process-1] TRACE- HeartbeatTimeout (0, 0)
12:52:11.957 [akka://guardian/user/process-0] TRACE- Received AppendEntries
12:52:11.957 [akka://guardian/user/process-1] TRACE- Received AppendEntriesResponse true
12:52:12.017 [akka://guardian/user/process-1] TRACE- HeartbeatTimeout (0, 0)
12:52:12.017 [akka://guardian/user/process-0] TRACE- Received AppendEntries
12:52:12.017 [akka://guardian/user/process-1] TRACE- Received AppendEntriesResponse true
12:52:12.076 [akka://guardian/user/process-1] TRACE- HeartbeatTimeout (0, 0)
12:52:12.077 [akka://guardian/user/process-0] TRACE- Received AppendEntries
12:52:12.077 [akka://guardian/user/process-1] TRACE- Received AppendEntriesResponse true
12:52:12.136 [akka://guardian/user/process-1] TRACE- HeartbeatTimeout (0, 0)
12:52:12.136 [akka://guardian/user/process-0] TRACE- Received AppendEntries
12:52:12.136 [akka://guardian/user/process-1] TRACE- Received AppendEntriesResponse true
12:52:12.197 [akka://guardian/user/process-1] TRACE- HeartbeatTimeout (0, 0)
12:52:12.197 [akka://guardian/user/process-0] TRACE- Received AppendEntries
12:52:12.197 [akka://guardian/user/process-1] TRACE- Received AppendEntriesResponse true
12:52:12.246 [akka://guardian/user/process-1] TRACE- HeartbeatTimeout (0, 0)
12:52:12.246 [akka://guardian/user/process-0] TRACE- Received AppendEntries
12:52:12.247 [akka://guardian/user/process-1] TRACE- Received AppendEntriesResponse true
12:52:12.317 [akka://guardian/user/process-1] TRACE- HeartbeatTimeout (0, 0)
12:52:12.317 [akka://guardian/user/process-0] TRACE- Received AppendEntries
12:52:12.317 [akka://guardian/user/process-1] TRACE- Received AppendEntriesResponse true
12:52:12.376 [akka://guardian/user/process-1] TRACE- HeartbeatTimeout (0, 0)
12:52:12.376 [akka://guardian/user/process-0] TRACE- Received AppendEntries
12:52:12.377 [akka://guardian/user/process-1] TRACE- Received AppendEntriesResponse true
12:52:12.437 [akka://guardian/user/process-1] TRACE- HeartbeatTimeout (0, 0)
12:52:12.437 [akka://guardian/user/process-0] TRACE- Received AppendEntries
12:52:12.437 [akka://guardian/user/process-1] TRACE- Received AppendEntriesResponse true
12:52:12.476 [akka://guardian/user/process-2] INFO - Resuming process raft.ProcessID@2
12:52:12.497 [akka://guardian/user/process-1] TRACE- HeartbeatTimeout (0, 0)
12:52:12.497 [akka://guardian/user/process-0] TRACE- Received AppendEntries
12:52:12.497 [akka://guardian/user/process-2] TRACE- Received AppendEntries
12:52:12.497 [akka://guardian/user/process-1] TRACE- Received AppendEntriesResponse true
12:52:12.498 [akka://guardian/user/process-1] TRACE- Received AppendEntriesResponse true
12:52:12.566 [akka://guardian/user/process-1] TRACE- HeartbeatTimeout (0, 0)
12:52:12.567 [akka://guardian/user/process-0] TRACE- Received AppendEntries
12:52:12.567 [akka://guardian/user/process-2] TRACE- Received AppendEntries
12:52:12.567 [akka://guardian/user/process-1] TRACE- Received AppendEntriesResponse true
12:52:12.567 [akka://guardian/user/process-1] TRACE- Received AppendEntriesResponse true
12:52:12.616 [akka://guardian/user/process-1] TRACE- HeartbeatTimeout (0, 0)
12:52:12.616 [akka://guardian/user/process-0] TRACE- Received AppendEntries
12:52:12.616 [akka://guardian/user/process-2] TRACE- Received AppendEntries
12:52:12.617 [akka://guardian/user/process-1] TRACE- Received AppendEntriesResponse true
12:52:12.617 [akka://guardian/user/process-1] TRACE- Received AppendEntriesResponse true
12:52:12.687 [akka://guardian/user/process-1] TRACE- HeartbeatTimeout (0, 0)
12:52:12.687 [akka://guardian/user/process-0] TRACE- Received AppendEntries
12:52:12.687 [akka://guardian/user/process-2] TRACE- Received AppendEntries
12:52:12.688 [akka://guardian/user/process-1] TRACE- Received AppendEntriesResponse true
12:52:12.688 [akka://guardian/user/process-1] TRACE- Received AppendEntriesResponse true
12:52:12.746 [akka://guardian/user/process-1] TRACE- HeartbeatTimeout (0, 0)
12:52:12.747 [akka://guardian/user/process-2] TRACE- Received AppendEntries
12:52:12.747 [akka://guardian/user/process-0] TRACE- Received AppendEntries
12:52:12.747 [akka://guardian/user/process-1] TRACE- Received AppendEntriesResponse true
12:52:12.747 [akka://guardian/user/process-1] TRACE- Received AppendEntriesResponse true
12:52:12.796 [akka://guardian/user/process-1] TRACE- HeartbeatTimeout (0, 0)
12:52:12.796 [akka://guardian/user/process-2] TRACE- Received AppendEntries
12:52:12.796 [akka://guardian/user/process-0] TRACE- Received AppendEntries
12:52:12.797 [akka://guardian/user/process-1] TRACE- Received AppendEntriesResponse true
12:52:12.797 [akka://guardian/user/process-1] TRACE- Received AppendEntriesResponse true
12:52:12.857 [akka://guardian/user/process-1] TRACE- HeartbeatTimeout (0, 0)
12:52:12.857 [akka://guardian/user/process-0] TRACE- Received AppendEntries
12:52:12.857 [akka://guardian/user/process-2] TRACE- Received AppendEntries
12:52:12.857 [akka://guardian/user/process-1] TRACE- Received AppendEntriesResponse true
12:52:12.857 [akka://guardian/user/process-1] TRACE- Received AppendEntriesResponse true
12:52:12.926 [akka://guardian/user/process-1] TRACE- HeartbeatTimeout (0, 0)
12:52:12.927 [akka://guardian/user/process-2] TRACE- Received AppendEntries
12:52:12.927 [akka://guardian/user/process-0] TRACE- Received AppendEntries
12:52:12.927 [akka://guardian/user/process-1] TRACE- Received AppendEntriesResponse true
12:52:12.927 [akka://guardian/user/process-1] TRACE- Received AppendEntriesResponse true
12:52:12.987 [akka://guardian/user/process-1] TRACE- HeartbeatTimeout (0, 0)
12:52:12.988 [akka://guardian/user/process-2] TRACE- Received AppendEntries
12:52:12.988 [akka://guardian/user/process-0] TRACE- Received AppendEntries
12:52:12.988 [akka://guardian/user/process-1] TRACE- Received AppendEntriesResponse true
12:52:12.988 [akka://guardian/user/process-1] TRACE- Received AppendEntriesResponse true
12:52:13.047 [akka://guardian/user/process-1] TRACE- HeartbeatTimeout (0, 0)
12:52:13.047 [akka://guardian/user/process-2] TRACE- Received AppendEntries
12:52:13.047 [akka://guardian/user/process-0] TRACE- Received AppendEntries
12:52:13.047 [akka://guardian/user/process-1] TRACE- Received AppendEntriesResponse true
12:52:13.047 [akka://guardian/user/process-1] TRACE- Received AppendEntriesResponse true
12:52:13.106 [akka://guardian/user/process-1] TRACE- HeartbeatTimeout (0, 0)
12:52:13.107 [akka://guardian/user/process-2] TRACE- Received AppendEntries
12:52:13.107 [akka://guardian/user/process-0] TRACE- Received AppendEntries
12:52:13.107 [akka://guardian/user/process-1] TRACE- Received AppendEntriesResponse true
12:52:13.107 [akka://guardian/user/process-1] TRACE- Received AppendEntriesResponse true
12:52:13.177 [akka://guardian/user/process-1] TRACE- HeartbeatTimeout (0, 0)
12:52:13.177 [akka://guardian/user/process-2] TRACE- Received AppendEntries
12:52:13.177 [akka://guardian/user/process-0] TRACE- Received AppendEntries
12:52:13.177 [akka://guardian/user/process-1] TRACE- Received AppendEntriesResponse true
12:52:13.177 [akka://guardian/user/process-1] TRACE- Received AppendEntriesResponse true
12:52:13.236 [akka://guardian/user/process-1] TRACE- HeartbeatTimeout (0, 0)
12:52:13.237 [akka://guardian/user/process-0] TRACE- Received AppendEntries
12:52:13.237 [akka://guardian/user/process-2] TRACE- Received AppendEntries
12:52:13.237 [akka://guardian/user/process-1] TRACE- Received AppendEntriesResponse true
12:52:13.237 [akka://guardian/user/process-1] TRACE- Received AppendEntriesResponse true
12:52:13.306 [akka://guardian/user/process-1] TRACE- HeartbeatTimeout (0, 0)
12:52:13.306 [akka://guardian/user/process-2] TRACE- Received AppendEntries
12:52:13.306 [akka://guardian/user/process-0] TRACE- Received AppendEntries
12:52:13.307 [akka://guardian/user/process-1] TRACE- Received AppendEntriesResponse true
12:52:13.307 [akka://guardian/user/process-1] TRACE- Received AppendEntriesResponse true
12:52:13.377 [akka://guardian/user/process-1] TRACE- HeartbeatTimeout (0, 0)
12:52:13.377 [akka://guardian/user/process-2] TRACE- Received AppendEntries
12:52:13.377 [akka://guardian/user/process-0] TRACE- Received AppendEntries
12:52:13.377 [akka://guardian/user/process-1] TRACE- Received AppendEntriesResponse true
12:52:13.377 [akka://guardian/user/process-1] TRACE- Received AppendEntriesResponse true
12:52:13.409 [akka://guardian/user] INFO - Received command: slow 1 1
12:52:13.410 [akka://guardian/user/process-1] INFO - Pausing process raft.ProcessID@1 for 1 seconds
12:52:13.558 [akka://guardian/user/process-0] INFO - (14) Becoming candidate
12:52:13.559 [akka://guardian/user/process-2] INFO - (14) Granted vote to raft.ProcessID@0
12:52:13.559 [akka://guardian/user/process-0] INFO - (14) Received a vote
12:52:13.559 [akka://guardian/user/process-0] INFO - (14) Becoming leader
12:52:13.626 [akka://guardian/user/process-0] TRACE- HeartbeatTimeout (0, 0)
12:52:13.626 [akka://guardian/user/process-2] TRACE- Received AppendEntries
12:52:13.626 [akka://guardian/user/process-0] TRACE- Received AppendEntriesResponse true
12:52:13.696 [akka://guardian/user/process-0] TRACE- HeartbeatTimeout (0, 0)
12:52:13.696 [akka://guardian/user/process-2] TRACE- Received AppendEntries
12:52:13.696 [akka://guardian/user/process-0] TRACE- Received AppendEntriesResponse true
12:52:13.767 [akka://guardian/user/process-0] TRACE- HeartbeatTimeout (0, 0)
12:52:13.767 [akka://guardian/user/process-2] TRACE- Received AppendEntries
12:52:13.767 [akka://guardian/user/process-0] TRACE- Received AppendEntriesResponse true
12:52:13.836 [akka://guardian/user/process-0] TRACE- HeartbeatTimeout (0, 0)
12:52:13.837 [akka://guardian/user/process-2] TRACE- Received AppendEntries
12:52:13.837 [akka://guardian/user/process-0] TRACE- Received AppendEntriesResponse true
12:52:13.887 [akka://guardian/user/process-0] TRACE- HeartbeatTimeout (0, 0)
12:52:13.888 [akka://guardian/user/process-2] TRACE- Received AppendEntries
12:52:13.888 [akka://guardian/user/process-0] TRACE- Received AppendEntriesResponse true
12:52:13.957 [akka://guardian/user/process-0] TRACE- HeartbeatTimeout (0, 0)
12:52:13.957 [akka://guardian/user/process-2] TRACE- Received AppendEntries
12:52:13.957 [akka://guardian/user/process-0] TRACE- Received AppendEntriesResponse true
12:52:14.016 [akka://guardian/user/process-0] TRACE- HeartbeatTimeout (0, 0)
12:52:14.016 [akka://guardian/user/process-2] TRACE- Received AppendEntries
12:52:14.017 [akka://guardian/user/process-0] TRACE- Received AppendEntriesResponse true
12:52:14.077 [akka://guardian/user/process-0] TRACE- HeartbeatTimeout (0, 0)
12:52:14.077 [akka://guardian/user/process-2] TRACE- Received AppendEntries
12:52:14.077 [akka://guardian/user/process-0] TRACE- Received AppendEntriesResponse true
12:52:14.136 [akka://guardian/user/process-0] TRACE- HeartbeatTimeout (0, 0)
12:52:14.137 [akka://guardian/user/process-2] TRACE- Received AppendEntries
12:52:14.137 [akka://guardian/user/process-0] TRACE- Received AppendEntriesResponse true
12:52:14.207 [akka://guardian/user/process-0] TRACE- HeartbeatTimeout (0, 0)
12:52:14.207 [akka://guardian/user/process-2] TRACE- Received AppendEntries
12:52:14.207 [akka://guardian/user/process-0] TRACE- Received AppendEntriesResponse true
12:52:14.277 [akka://guardian/user/process-0] TRACE- HeartbeatTimeout (0, 0)
12:52:14.277 [akka://guardian/user/process-2] TRACE- Received AppendEntries
12:52:14.277 [akka://guardian/user/process-0] TRACE- Received AppendEntriesResponse true
12:52:14.336 [akka://guardian/user/process-0] TRACE- HeartbeatTimeout (0, 0)
12:52:14.336 [akka://guardian/user/process-2] TRACE- Received AppendEntries
12:52:14.336 [akka://guardian/user/process-0] TRACE- Received AppendEntriesResponse true
12:52:14.396 [akka://guardian/user/process-0] TRACE- HeartbeatTimeout (0, 0)
12:52:14.396 [akka://guardian/user/process-2] TRACE- Received AppendEntries
12:52:14.396 [akka://guardian/user/process-0] TRACE- Received AppendEntriesResponse true
12:52:14.426 [akka://guardian/user/process-1] INFO - Resuming process raft.ProcessID@1
12:52:14.467 [akka://guardian/user/process-0] TRACE- HeartbeatTimeout (0, 0)
12:52:14.467 [akka://guardian/user/process-2] TRACE- Received AppendEntries
12:52:14.467 [akka://guardian/user/process-1] TRACE- Received AppendEntries
12:52:14.467 [akka://guardian/user/process-0] TRACE- Received AppendEntriesResponse true
12:52:14.468 [akka://guardian/user/process-0] TRACE- Received AppendEntriesResponse true
12:52:14.526 [akka://guardian/user/process-0] TRACE- HeartbeatTimeout (0, 0)
12:52:14.527 [akka://guardian/user/process-1] TRACE- Received AppendEntries
12:52:14.527 [akka://guardian/user/process-2] TRACE- Received AppendEntries
12:52:14.527 [akka://guardian/user/process-0] TRACE- Received AppendEntriesResponse true
12:52:14.527 [akka://guardian/user/process-0] TRACE- Received AppendEntriesResponse true
