18:19:29.835 [akka://system/user/ticket-client-cluster/ticket-client-1] INFO - TicketClient initialized raft.cluster.ProcessID@1
18:19:29.835 [akka://system/user/ticket-client-cluster/ticket-client-2] INFO - TicketClient initialized raft.cluster.ProcessID@2
18:19:29.835 [akka://system/user/ticket-client-cluster/ticket-client-0] INFO - TicketClient initialized raft.cluster.ProcessID@0
18:19:29.855 [akka://system/user/ticket-client-cluster/ticket-client-0] TRACE- Read 10 from Actor[akka://system/user/cluster/process-0#-1054739984]
18:19:29.855 [akka://system/user/ticket-client-cluster/ticket-client-2] TRACE- Read 10 from Actor[akka://system/user/cluster/process-2#-748987554]
18:19:29.856 [akka://system/user/ticket-client-cluster/ticket-client-1] TRACE- Read 10 from Actor[akka://system/user/cluster/process-1#92635105]
18:19:30.876 [akka://system/user/ticket-client-cluster/ticket-client-2] TRACE- Leader set to Some(raft.cluster.ProcessID@0)
18:19:30.882 [akka://system/user/ticket-client-cluster/ticket-client-0] TRACE- Appended true to Actor[akka://system/user/cluster/process-0#-1054739984]
18:19:30.993 [akka://system/user/ticket-client-cluster/ticket-client-1] TRACE- Write timeout from Actor[akka://system/user/cluster/process-1#92635105]
18:19:31.894 [akka://system/user/ticket-client-cluster/ticket-client-0] TRACE- Read 9 from Actor[akka://system/user/cluster/process-0#-1054739984]
18:19:31.897 [akka://system/user/ticket-client-cluster/ticket-client-2] TRACE- Appended true to Actor[akka://system/user/cluster/process-0#-1054739984]
18:19:32.017 [akka://system/user/ticket-client-cluster/ticket-client-1] TRACE- Appended true to Actor[akka://system/user/cluster/process-0#-1054739984]
18:19:32.914 [akka://system/user/ticket-client-cluster/ticket-client-2] TRACE- Read 7 from Actor[akka://system/user/cluster/process-2#-748987554]
18:19:32.916 [akka://system/user/ticket-client-cluster/ticket-client-0] TRACE- Appended true to Actor[akka://system/user/cluster/process-0#-1054739984]
18:19:33.153 [akka://system/user/ticket-client-cluster/ticket-client-1] TRACE- Read timeout from Actor[akka://system/user/cluster/process-1#92635105]
18:19:33.933 [akka://system/user/ticket-client-cluster/ticket-client-0] TRACE- Read 6 from Actor[akka://system/user/cluster/process-0#-1054739984]
18:19:33.936 [akka://system/user/ticket-client-cluster/ticket-client-2] TRACE- Appended true to Actor[akka://system/user/cluster/process-0#-1054739984]
18:19:34.174 [akka://system/user/ticket-client-cluster/ticket-client-1] TRACE- Read 5 from Actor[akka://system/user/cluster/process-2#-748987554]
18:19:34.953 [akka://system/user/ticket-client-cluster/ticket-client-2] TRACE- Read 5 from Actor[akka://system/user/cluster/process-2#-748987554]
18:19:34.956 [akka://system/user/ticket-client-cluster/ticket-client-0] TRACE- Appended true to Actor[akka://system/user/cluster/process-0#-1054739984]
18:19:35.195 [akka://system/user/ticket-client-cluster/ticket-client-1] TRACE- Appended true to Actor[akka://system/user/cluster/process-0#-1054739984]
18:19:35.974 [akka://system/user/ticket-client-cluster/ticket-client-0] TRACE- Read 3 from Actor[akka://system/user/cluster/process-0#-1054739984]
18:19:35.976 [akka://system/user/ticket-client-cluster/ticket-client-2] TRACE- Appended true to Actor[akka://system/user/cluster/process-0#-1054739984]
18:19:36.993 [akka://system/user/ticket-client-cluster/ticket-client-2] TRACE- Read 2 from Actor[akka://system/user/cluster/process-2#-748987554]
18:19:36.997 [akka://system/user/ticket-client-cluster/ticket-client-0] TRACE- Appended true to Actor[akka://system/user/cluster/process-0#-1054739984]
18:19:38.014 [akka://system/user/ticket-client-cluster/ticket-client-0] TRACE- Read 0 from Actor[akka://system/user/cluster/process-0#-1054739984]
18:19:38.016 [akka://system/user/ticket-client-cluster/ticket-client-2] TRACE- Appended true to Actor[akka://system/user/cluster/process-0#-1054739984]
18:19:39.033 [akka://system/user/ticket-client-cluster/ticket-client-2] TRACE- Read 0 from Actor[akka://system/user/cluster/process-2#-748987554]
18:19:39.035 [akka://system/user/ticket-client-cluster/ticket-client-0] TRACE- Appended false to Actor[akka://system/user/cluster/process-0#-1054739984]
18:19:40.053 [akka://system/user/ticket-client-cluster/ticket-client-0] TRACE- Read 0 from Actor[akka://system/user/cluster/process-0#-1054739984]
18:19:40.055 [akka://system/user/ticket-client-cluster/ticket-client-2] TRACE- Appended false to Actor[akka://system/user/cluster/process-0#-1054739984]
18:19:41.073 [akka://system/user/ticket-client-cluster/ticket-client-2] TRACE- Read 0 from Actor[akka://system/user/cluster/process-2#-748987554]
18:19:41.075 [akka://system/user/ticket-client-cluster/ticket-client-0] TRACE- Appended false to Actor[akka://system/user/cluster/process-0#-1054739984]
18:19:42.093 [akka://system/user/ticket-client-cluster/ticket-client-0] TRACE- Read 0 from Actor[akka://system/user/cluster/process-0#-1054739984]
18:19:42.095 [akka://system/user/ticket-client-cluster/ticket-client-2] TRACE- Appended false to Actor[akka://system/user/cluster/process-0#-1054739984]
18:19:43.113 [akka://system/user/ticket-client-cluster/ticket-client-2] TRACE- Read 0 from Actor[akka://system/user/cluster/process-2#-748987554]
18:19:43.115 [akka://system/user/ticket-client-cluster/ticket-client-0] TRACE- Appended false to Actor[akka://system/user/cluster/process-0#-1054739984]
18:19:44.849 [akka://system/user/ticket-client-cluster/ticket-client-0] TRACE- Read 0 from Actor[akka://system/user/cluster/process-0#-1054739984]
18:19:44.851 [akka://system/user/ticket-client-cluster/ticket-client-2] TRACE- Appended false to Actor[akka://system/user/cluster/process-0#-1054739984]
18:19:45.869 [akka://system/user/ticket-client-cluster/ticket-client-2] TRACE- Read 0 from Actor[akka://system/user/cluster/process-2#-748987554]
18:19:45.871 [akka://system/user/ticket-client-cluster/ticket-client-0] TRACE- Appended false to Actor[akka://system/user/cluster/process-0#-1054739984]
18:19:46.888 [akka://system/user/ticket-client-cluster/ticket-client-0] TRACE- Read 0 from Actor[akka://system/user/cluster/process-0#-1054739984]
18:19:46.890 [akka://system/user/ticket-client-cluster/ticket-client-2] TRACE- Appended false to Actor[akka://system/user/cluster/process-0#-1054739984]
18:19:47.908 [akka://system/user/ticket-client-cluster/ticket-client-2] TRACE- Read 0 from Actor[akka://system/user/cluster/process-2#-748987554]
18:19:47.910 [akka://system/user/ticket-client-cluster/ticket-client-0] TRACE- Appended false to Actor[akka://system/user/cluster/process-0#-1054739984]
18:19:48.928 [akka://system/user/ticket-client-cluster/ticket-client-0] TRACE- Read 0 from Actor[akka://system/user/cluster/process-0#-1054739984]
18:19:48.930 [akka://system/user/ticket-client-cluster/ticket-client-2] TRACE- Appended false to Actor[akka://system/user/cluster/process-0#-1054739984]
18:19:49.948 [akka://system/user/ticket-client-cluster/ticket-client-2] TRACE- Read 0 from Actor[akka://system/user/cluster/process-2#-748987554]
18:19:49.951 [akka://system/user/ticket-client-cluster/ticket-client-0] TRACE- Appended false to Actor[akka://system/user/cluster/process-0#-1054739984]
18:19:50.970 [akka://system/user/ticket-client-cluster/ticket-client-0] TRACE- Read 0 from Actor[akka://system/user/cluster/process-0#-1054739984]
18:19:50.970 [akka://system/user/ticket-client-cluster/ticket-client-2] TRACE- Appended false to Actor[akka://system/user/cluster/process-0#-1054739984]
18:19:51.989 [akka://system/user/ticket-client-cluster/ticket-client-2] TRACE- Read 0 from Actor[akka://system/user/cluster/process-2#-748987554]
18:19:51.991 [akka://system/user/ticket-client-cluster/ticket-client-0] TRACE- Appended false to Actor[akka://system/user/cluster/process-0#-1054739984]
18:19:53.009 [akka://system/user/ticket-client-cluster/ticket-client-0] TRACE- Read 0 from Actor[akka://system/user/cluster/process-0#-1054739984]
18:19:53.011 [akka://system/user/ticket-client-cluster/ticket-client-2] TRACE- Appended false to Actor[akka://system/user/cluster/process-0#-1054739984]
18:19:54.031 [akka://system/user/ticket-client-cluster/ticket-client-0] TRACE- Appended false to Actor[akka://system/user/cluster/process-0#-1054739984]
18:19:54.148 [akka://system/user/ticket-client-cluster/ticket-client-2] TRACE- Read timeout from Actor[akka://system/user/cluster/process-2#-748987554]
18:19:55.049 [akka://system/user/ticket-client-cluster/ticket-client-0] TRACE- Read 0 from Actor[akka://system/user/cluster/process-0#-1054739984]
18:19:55.168 [akka://system/user/ticket-client-cluster/ticket-client-2] TRACE- Read 0 from Actor[akka://system/user/cluster/process-0#-1054739984]
18:19:56.071 [akka://system/user/ticket-client-cluster/ticket-client-0] TRACE- Appended false to Actor[akka://system/user/cluster/process-0#-1054739984]
18:19:56.190 [akka://system/user/ticket-client-cluster/ticket-client-2] TRACE- Appended false to Actor[akka://system/user/cluster/process-0#-1054739984]
18:19:57.089 [akka://system/user/ticket-client-cluster/ticket-client-0] TRACE- Read 0 from Actor[akka://system/user/cluster/process-0#-1054739984]
18:19:57.328 [akka://system/user/ticket-client-cluster/ticket-client-2] TRACE- Read timeout from Actor[akka://system/user/cluster/process-2#-748987554]
18:19:58.111 [akka://system/user/ticket-client-cluster/ticket-client-0] TRACE- Appended false to Actor[akka://system/user/cluster/process-0#-1054739984]
18:19:58.349 [akka://system/user/ticket-client-cluster/ticket-client-2] TRACE- Read 0 from Actor[akka://system/user/cluster/process-1#92635105]
18:19:59.128 [akka://system/user/ticket-client-cluster/ticket-client-0] TRACE- Read 0 from Actor[akka://system/user/cluster/process-0#-1054739984]
18:19:59.371 [akka://system/user/ticket-client-cluster/ticket-client-2] TRACE- Appended false to Actor[akka://system/user/cluster/process-0#-1054739984]
18:20:00.151 [akka://system/user/ticket-client-cluster/ticket-client-0] TRACE- Appended false to Actor[akka://system/user/cluster/process-0#-1054739984]
18:20:00.508 [akka://system/user/ticket-client-cluster/ticket-client-2] TRACE- Read timeout from Actor[akka://system/user/cluster/process-2#-748987554]
18:20:01.168 [akka://system/user/ticket-client-cluster/ticket-client-0] TRACE- Read 0 from Actor[akka://system/user/cluster/process-0#-1054739984]
18:20:01.529 [akka://system/user/ticket-client-cluster/ticket-client-2] TRACE- Read 0 from Actor[akka://system/user/cluster/process-0#-1054739984]
18:20:02.191 [akka://system/user/ticket-client-cluster/ticket-client-0] TRACE- Appended false to Actor[akka://system/user/cluster/process-0#-1054739984]
18:20:02.550 [akka://system/user/ticket-client-cluster/ticket-client-2] TRACE- Appended false to Actor[akka://system/user/cluster/process-0#-1054739984]
18:20:03.209 [akka://system/user/ticket-client-cluster/ticket-client-0] TRACE- Read 0 from Actor[akka://system/user/cluster/process-0#-1054739984]
18:20:03.688 [akka://system/user/ticket-client-cluster/ticket-client-2] TRACE- Read timeout from Actor[akka://system/user/cluster/process-2#-748987554]
18:20:04.348 [akka://system/user/ticket-client-cluster/ticket-client-0] TRACE- Write timeout from Actor[akka://system/user/cluster/process-0#-1054739984]
18:20:04.708 [akka://system/user/ticket-client-cluster/ticket-client-2] TRACE- Read 0 from Actor[akka://system/user/cluster/process-1#92635105]
18:20:05.369 [akka://system/user/ticket-client-cluster/ticket-client-0] TRACE- Leader set to Some(raft.cluster.ProcessID@0)
18:20:05.848 [akka://system/user/ticket-client-cluster/ticket-client-2] TRACE- Write timeout from Actor[akka://system/user/cluster/process-0#-1054739984]
18:20:06.508 [akka://system/user/ticket-client-cluster/ticket-client-0] TRACE- Write timeout from Actor[akka://system/user/cluster/process-0#-1054739984]
18:20:06.870 [akka://system/user/ticket-client-cluster/ticket-client-2] TRACE- Leader set to Some(raft.cluster.ProcessID@0)
18:20:07.528 [akka://system/user/ticket-client-cluster/ticket-client-0] TRACE- Leader set to Some(raft.cluster.ProcessID@0)
