19:20:19.870 [] INFO - Slf4jLogger started
19:20:20.162 [ArteryTransport(akka://system)] INFO - Remoting started with transport [Artery tcp]; listening on address [akka://system@localhost:9000] with UID [-5658844589513781227]
19:20:20.175 [Cluster(akka://system)] INFO - Cluster Node [akka://system@localhost:9000] - Starting up, Akka version [2.10.3] ...
19:20:20.274 [Cluster(akka://system)] INFO - Cluster Node [akka://system@localhost:9000] - Registered cluster JMX MBean [akka:type=Cluster]
19:20:20.275 [Cluster(akka://system)] INFO - Cluster Node [akka://system@localhost:9000] - Started up successfully
19:20:20.281 [akka.actor.ActorSystemImpl(system)] WARN - Dev use only. Free keys at https://akka.io/key
19:20:20.302 [Cluster(akka://system)] INFO - Cluster Node [akka://system@localhost:9000] - No downing-provider-class configured, manual cluster downing required, see https://doc.akka.io/libraries/akka-core/current/typed/cluster.html#downing
19:20:20.313 [Cluster(akka://system)] INFO - Cluster Node [akka://system@localhost:9000] - Node [akka://system@localhost:9000] is JOINING itself (with roles [dc-default], version [0.0.0]) and forming new cluster
19:20:20.315 [Cluster(akka://system)] INFO - Cluster Node [akka://system@localhost:9000] - is the new leader among reachable nodes (more leaders may exist)
19:20:20.323 [Cluster(akka://system)] INFO - Cluster Node [akka://system@localhost:9000] - Leader is moving node [akka://system@localhost:9000] to [Up]
19:20:20.414 [akka://system/user/cluster/raft-1892336610] INFO - Starting
19:20:20.431 [akka://system/system/clusterReceptionist] DEBUG- ClusterReceptionist [akka://system@localhost:9000] - Actor was registered: [ServiceKey[cluster.remote.Hello](hello)] [akka://system/user/cluster/hello#248083340 @ -5658844589513781227]
19:20:20.946 [akka://system/system/clusterReceptionist] DEBUG- ClusterReceptionist [akka://system@localhost:9000] - Change from replicator: [Map(ServiceKey[cluster.remote.Hello](hello) -> Set(akka://system/user/cluster/hello#248083340 @ -5658844589513781227))], changes: [(hello,[akka://system/user/cluster/hello#248083340 @ -5658844589513781227])], tombstones []
19:20:23.834 [CoordinatedShutdown(akka://system)] INFO - Running CoordinatedShutdown with reason [JvmExitReason]
19:20:23.839 [Cluster(akka://system)] INFO - Cluster Node [akka://system@localhost:9000] - Marked address [akka://system@localhost:9000] as [Leaving]
19:20:24.373 [Cluster(akka://system)] INFO - Cluster Node [akka://system@localhost:9000] - Leader is moving node [akka://system@localhost:9000] to [Exiting]
19:20:24.375 [Cluster(akka://system)] INFO - Cluster Node [akka://system@localhost:9000] - Exiting completed
19:20:24.375 [Cluster(akka://system)] INFO - Cluster Node [akka://system@localhost:9000] - Shutting down...
19:20:24.376 [Cluster(akka://system)] INFO - Cluster Node [akka://system@localhost:9000] - Successfully shut down
19:20:24.379 [akka://system/system/clusterReceptionist] DEBUG- ClusterReceptionist [akka://system@localhost:9000] - terminated/removed
19:20:24.383 [akka://system@localhost:9000/system/remoting-terminator] INFO - Shutting down remote daemon.
19:20:24.384 [akka://system@localhost:9000/system/remoting-terminator] INFO - Remote daemon shut down; proceeding with flushing remote transports.
19:20:24.398 [akka://system@localhost:9000/system/remoting-terminator] INFO - Remoting shut down.
