19:00:04.620 [] INFO - Slf4jLogger started
19:00:04.910 [ArteryTransport(akka://system)] INFO - Remoting started with transport [Artery tcp]; listening on address [akka://system@localhost:9000] with UID [-5513895177533261338]
19:00:04.924 [Cluster(akka://system)] INFO - Cluster Node [akka://system@localhost:9000] - Starting up, Akka version [2.10.3] ...
19:00:05.032 [Cluster(akka://system)] INFO - Cluster Node [akka://system@localhost:9000] - Registered cluster JMX MBean [akka:type=Cluster]
19:00:05.033 [Cluster(akka://system)] INFO - Cluster Node [akka://system@localhost:9000] - Started up successfully
19:00:05.039 [akka.actor.ActorSystemImpl(system)] WARN - Dev use only. Free keys at https://akka.io/key
19:00:05.061 [Cluster(akka://system)] INFO - Cluster Node [akka://system@localhost:9000] - No downing-provider-class configured, manual cluster downing required, see https://doc.akka.io/libraries/akka-core/current/typed/cluster.html#downing
19:00:05.071 [Cluster(akka://system)] INFO - Cluster Node [akka://system@localhost:9000] - Node [akka://system@localhost:9000] is JOINING itself (with roles [dc-default], version [0.0.0]) and forming new cluster
19:00:05.073 [Cluster(akka://system)] INFO - Cluster Node [akka://system@localhost:9000] - is the new leader among reachable nodes (more leaders may exist)
19:00:05.082 [Cluster(akka://system)] INFO - Cluster Node [akka://system@localhost:9000] - Leader is moving node [akka://system@localhost:9000] to [Up]
19:00:05.170 [akka://system/user/cluster/raft-1309268093] INFO - Starting
19:00:05.186 [akka://system/system/clusterReceptionist] DEBUG- ClusterReceptionist [akka://system@localhost:9000] - Actor was registered: [ServiceKey[cluster.remote.Hello](hello)] [akka://system/user/cluster/hello#1662703948 @ -5513895177533261338]
19:00:05.707 [akka://system/system/clusterReceptionist] DEBUG- ClusterReceptionist [akka://system@localhost:9000] - Change from replicator: [Map(ServiceKey[cluster.remote.Hello](hello) -> Set(akka://system/user/cluster/hello#1662703948 @ -5513895177533261338))], changes: [(hello,[akka://system/user/cluster/hello#1662703948 @ -5513895177533261338])], tombstones []
19:00:17.973 [Cluster(akka://system)] INFO - Cluster Node [akka://system@localhost:9000] - Received InitJoin message from [Actor[akka://system@localhost:9001/system/cluster/core/daemon/joinSeedNodeProcess-1#2017488209]] to [akka://system@localhost:9000]
19:00:17.973 [Cluster(akka://system)] INFO - Cluster Node [akka://system@localhost:9000] - Sending InitJoinAck message from node [akka://system@localhost:9000] to [Actor[akka://system@localhost:9001/system/cluster/core/daemon/joinSeedNodeProcess-1#2017488209]] (version [2.10.3])
19:00:18.040 [Cluster(akka://system)] INFO - Cluster Node [akka://system@localhost:9000] - Node [akka://system@localhost:9001] is JOINING, roles [dc-default], version [0.0.0]
19:00:18.042 [akka://system/system/clusterReceptionist] DEBUG- ClusterReceptionist [akka://system@localhost:9000] - Node added [UniqueAddress(akka://system@localhost:9001,3415530198453304361)]
19:00:18.316 [Cluster(akka://system)] INFO - Cluster Node [akka://system@localhost:9000] - Leader is moving node [akka://system@localhost:9001] to [Up]
19:00:18.704 [akka://system/system/clusterReceptionist] DEBUG- ClusterReceptionist [akka://system@localhost:9000] - Change from replicator: [Map(ServiceKey[cluster.remote.Hello](hello) -> Set(akka://system/user/cluster/hello#1662703948 @ -5513895177533261338, akka://system@localhost:9001/user/cluster/hello#1005192440 @ 3415530198453304361))], changes: [(hello,[akka://system/user/cluster/hello#1662703948 @ -5513895177533261338, akka://system@localhost:9001/user/cluster/hello#1005192440 @ 3415530198453304361])], tombstones []
19:00:19.753 [CoordinatedShutdown(akka://system)] INFO - Running CoordinatedShutdown with reason [JvmExitReason]
19:00:19.758 [Cluster(akka://system)] INFO - Cluster Node [akka://system@localhost:9000] - Marked address [akka://system@localhost:9000] as [Leaving]
19:00:20.354 [Cluster(akka://system)] INFO - Cluster Node [akka://system@localhost:9000] - Leader is moving node [akka://system@localhost:9000] to [Exiting]
19:00:20.354 [Cluster(akka://system)] INFO - Cluster Node [akka://system@localhost:9000] - Leader is moving node [akka://system@localhost:9001] to [Exiting]
19:00:20.356 [Cluster(akka://system)] INFO - Cluster Node [akka://system@localhost:9000] - Exiting completed
19:00:20.358 [Cluster(akka://system)] INFO - Cluster Node [akka://system@localhost:9000] - Shutting down...
19:00:20.360 [Cluster(akka://system)] INFO - Cluster Node [akka://system@localhost:9000] - Successfully shut down
19:00:20.363 [akka://system/system/clusterReceptionist] DEBUG- ClusterReceptionist [akka://system@localhost:9000] - terminated/removed
19:00:20.393 [akka://system@localhost:9000/system/remoting-terminator] INFO - Shutting down remote daemon.
19:00:20.394 [akka://system@localhost:9000/system/remoting-terminator] INFO - Remote daemon shut down; proceeding with flushing remote transports.
19:00:20.413 [akka.stream.Log(akka://system/system/Materializers/StreamSupervisor-1)] WARN - [outbound connection to [akka://system@localhost:9001], control stream] Upstream failed, cause: StreamTcpException: The connection has been aborted
19:00:20.414 [akka.stream.Log(akka://system/system/Materializers/StreamSupervisor-1)] WARN - [outbound connection to [akka://system@localhost:9001], message stream] Upstream failed, cause: StreamTcpException: The connection has been aborted
19:00:20.419 [akka://system@localhost:9000/system/remoting-terminator] INFO - Remoting shut down.
