19:00:17.179 [] INFO - Slf4jLogger started
19:00:17.485 [ArteryTransport(akka://system)] INFO - Remoting started with transport [Artery tcp]; listening on address [akka://system@localhost:9001] with UID [3415530198453304361]
19:00:17.499 [Cluster(akka://system)] INFO - Cluster Node [akka://system@localhost:9001] - Starting up, Akka version [2.10.3] ...
19:00:17.598 [Cluster(akka://system)] INFO - Cluster Node [akka://system@localhost:9001] - Registered cluster JMX MBean [akka:type=Cluster]
19:00:17.599 [Cluster(akka://system)] INFO - Cluster Node [akka://system@localhost:9001] - Started up successfully
19:00:17.606 [akka.actor.ActorSystemImpl(system)] WARN - Dev use only. Free keys at https://akka.io/key
19:00:17.631 [Cluster(akka://system)] INFO - Cluster Node [akka://system@localhost:9001] - No downing-provider-class configured, manual cluster downing required, see https://doc.akka.io/libraries/akka-core/current/typed/cluster.html#downing
19:00:17.746 [akka://system/user/cluster/raft--1175122936] INFO - Starting
19:00:17.766 [akka://system/system/clusterReceptionist] DEBUG- ClusterReceptionist [akka://system@localhost:9001] - Actor was registered: [ServiceKey[cluster.remote.Hello](hello)] [akka://system/user/cluster/hello#1005192440 @ 3415530198453304361]
19:00:18.022 [Cluster(akka://system)] INFO - Cluster Node [akka://system@localhost:9001] - Received InitJoinAck message from [Actor[akka://system@localhost:9000/system/cluster/core/daemon#1434991624]] to [akka://system@localhost:9001]
19:00:18.077 [Cluster(akka://system)] INFO - Cluster Node [akka://system@localhost:9001] - Welcome from [akka://system@localhost:9000]
19:00:18.083 [akka://system/system/clusterReceptionist] DEBUG- ClusterReceptionist [akka://system@localhost:9001] - Node added [UniqueAddress(akka://system@localhost:9000,-5513895177533261338)]
19:00:18.282 [akka://system/system/clusterReceptionist] DEBUG- ClusterReceptionist [akka://system@localhost:9001] - Change from replicator: [Map(ServiceKey[cluster.remote.Hello](hello) -> Set(akka://system/user/cluster/hello#1005192440 @ 3415530198453304361))], changes: [(hello,[akka://system/user/cluster/hello#1005192440 @ 3415530198453304361])], tombstones []
19:00:19.840 [akka://system/system/clusterReceptionist] DEBUG- ClusterReceptionist [akka://system@localhost:9001] - Change from replicator: [Map(ServiceKey[cluster.remote.Hello](hello) -> Set(akka://system/user/cluster/hello#1005192440 @ 3415530198453304361, akka://system@localhost:9000/user/cluster/hello#1662703948 @ -5513895177533261338))], changes: [(hello,[akka://system/user/cluster/hello#1005192440 @ 3415530198453304361, akka://system@localhost:9000/user/cluster/hello#1662703948 @ -5513895177533261338])], tombstones []
19:00:20.143 [CoordinatedShutdown(akka://system)] INFO - Running CoordinatedShutdown with reason [JvmExitReason]
19:00:20.151 [Cluster(akka://system)] INFO - Cluster Node [akka://system@localhost:9001] - Marked address [akka://system@localhost:9001] as [Leaving]
19:00:20.361 [Cluster(akka://system)] INFO - Cluster Node [akka://system@localhost:9001] - Exiting completed
19:00:20.362 [Cluster(akka://system)] INFO - Cluster Node [akka://system@localhost:9001] - Shutting down...
19:00:20.364 [Cluster(akka://system)] INFO - Cluster Node [akka://system@localhost:9001] - Successfully shut down
19:00:20.365 [Cluster(akka://system)] INFO - Cluster Node [akka://system@localhost:9001] - Exiting confirmed [akka://system@localhost:9000]
19:00:20.367 [akka://system/system/clusterReceptionist] DEBUG- ClusterReceptionist [akka://system@localhost:9001] - terminated/removed
19:00:20.373 [akka://system@localhost:9001/system/remoting-terminator] INFO - Shutting down remote daemon.
19:00:20.374 [akka://system@localhost:9001/system/remoting-terminator] INFO - Remote daemon shut down; proceeding with flushing remote transports.
19:00:20.411 [akka.stream.Log(akka://system/system/Materializers/StreamSupervisor-1)] WARN - [outbound connection to [akka://system@localhost:9000], message stream] Upstream failed, cause: StreamTcpException: The connection has been aborted
19:00:20.411 [akka.stream.Log(akka://system/system/Materializers/StreamSupervisor-1)] WARN - [outbound connection to [akka://system@localhost:9000], control stream] Upstream failed, cause: StreamTcpException: The connection has been aborted
19:00:20.416 [akka://system@localhost:9001/system/remoting-terminator] INFO - Remoting shut down.
